<?xml version="1.0" encoding="UTF-8"?>
<coverage generated="1657749677891" clover="3.2.0">
  <project timestamp="1657749677891" name="All files">
    <metrics statements="1" coveredstatements="1" conditionals="20" coveredconditionals="10" methods="3" coveredmethods="3" elements="24" coveredelements="14" complexity="0" loc="1" ncloc="1" packages="1" files="1" classes="1"/>
    <file name="ordinal-suffix.js" path="/Users/Mccarki/Documents/Classes/ACS-3310-JS-Libraries/3310-Final/umd/ordinal-suffix.js">
      <metrics statements="1" coveredstatements="1" conditionals="20" coveredconditionals="10" methods="3" coveredmethods="3"/>
      <line num="1" count="8" type="cond" truecount="10" falsecount="10"/>
    </file>
  </project>
</coverage>
