{"/Users/Mccarki/Documents/Classes/ACS-3310-JS-Libraries/3310-Final/src/index.js": {"path":"/Users/Mccarki/Documents/Classes/ACS-3310-JS-Libraries/3310-Final/src/index.js","statementMap":{"0":{"start":{"line":2,"column":4},"end":{"line":4,"column":5}},"1":{"start":{"line":3,"column":8},"end":{"line":3,"column":26}},"2":{"start":{"line":5,"column":4},"end":{"line":14,"column":5}},"3":{"start":{"line":7,"column":12},"end":{"line":7,"column":30}},"4":{"start":{"line":9,"column":12},"end":{"line":9,"column":30}},"5":{"start":{"line":11,"column":12},"end":{"line":11,"column":30}},"6":{"start":{"line":13,"column":12},"end":{"line":13,"column":30}},"7":{"start":{"line":16,"column":0},"end":{"line":16,"column":31}},"8":{"start":{"line":17,"column":0},"end":{"line":17,"column":30}},"9":{"start":{"line":18,"column":0},"end":{"line":18,"column":30}},"10":{"start":{"line":19,"column":0},"end":{"line":19,"column":30}},"11":{"start":{"line":20,"column":0},"end":{"line":20,"column":30}},"12":{"start":{"line":21,"column":0},"end":{"line":21,"column":31}},"13":{"start":{"line":22,"column":0},"end":{"line":22,"column":32}},"14":{"start":{"line":23,"column":0},"end":{"line":23,"column":33}},"15":{"start":{"line":24,"column":0},"end":{"line":24,"column":32}}},"fnMap":{"0":{"name":"ordinalSuffix","decl":{"start":{"line":1,"column":9},"end":{"line":1,"column":22}},"loc":{"start":{"line":1,"column":28},"end":{"line":15,"column":1}},"line":1}},"branchMap":{"0":{"loc":{"start":{"line":2,"column":4},"end":{"line":4,"column":5}},"type":"if","locations":[{"start":{"line":2,"column":4},"end":{"line":4,"column":5}},{"start":{},"end":{}}],"line":2},"1":{"loc":{"start":{"line":2,"column":8},"end":{"line":2,"column":27}},"type":"binary-expr","locations":[{"start":{"line":2,"column":8},"end":{"line":2,"column":15}},{"start":{"line":2,"column":19},"end":{"line":2,"column":27}}],"line":2},"2":{"loc":{"start":{"line":5,"column":4},"end":{"line":14,"column":5}},"type":"switch","locations":[{"start":{"line":6,"column":8},"end":{"line":7,"column":30}},{"start":{"line":8,"column":8},"end":{"line":9,"column":30}},{"start":{"line":10,"column":8},"end":{"line":11,"column":30}},{"start":{"line":12,"column":8},"end":{"line":13,"column":30}}],"line":5}},"s":{"0":16,"1":4,"2":12,"3":4,"4":4,"5":4,"6":0,"7":1,"8":1,"9":1,"10":1,"11":1,"12":1,"13":1,"14":1,"15":1},"f":{"0":16},"b":{"0":[4,12],"1":[16,10],"2":[4,4,4,0]},"_coverageSchema":"1a1c01bbd47fc00a2c39e90264f33305004495a9","hash":"821a3979063d6392932acacff63941689d47b63a"}
}
