{"/Users/Mccarki/Documents/Classes/ACS-3310-JS-Libraries/3310-Final/umd/ordinal-suffix.js": {"path":"/Users/Mccarki/Documents/Classes/ACS-3310-JS-Libraries/3310-Final/umd/ordinal-suffix.js","statementMap":{"0":{"start":{"line":1,"column":0},"end":{"line":1,"column":387}},"1":{"start":{"line":1,"column":15},"end":{"line":1,"column":206}},"2":{"start":{"line":1,"column":238},"end":{"line":1,"column":383}},"3":{"start":{"line":1,"column":257},"end":{"line":1,"column":284}},"4":{"start":{"line":1,"column":270},"end":{"line":1,"column":284}},"5":{"start":{"line":1,"column":284},"end":{"line":1,"column":382}},"6":{"start":{"line":1,"column":304},"end":{"line":1,"column":318}},"7":{"start":{"line":1,"column":325},"end":{"line":1,"column":339}},"8":{"start":{"line":1,"column":346},"end":{"line":1,"column":360}},"9":{"start":{"line":1,"column":368},"end":{"line":1,"column":381}}},"fnMap":{"0":{"name":"(anonymous_0)","decl":{"start":{"line":1,"column":1},"end":{"line":1,"column":2}},"loc":{"start":{"line":1,"column":14},"end":{"line":1,"column":207}},"line":1},"1":{"name":"(anonymous_1)","decl":{"start":{"line":1,"column":214},"end":{"line":1,"column":215}},"loc":{"start":{"line":1,"column":224},"end":{"line":1,"column":384}},"line":1},"2":{"name":"(anonymous_2)","decl":{"start":{"line":1,"column":245},"end":{"line":1,"column":246}},"loc":{"start":{"line":1,"column":256},"end":{"line":1,"column":383}},"line":1}},"branchMap":{"0":{"loc":{"start":{"line":1,"column":15},"end":{"line":1,"column":206}},"type":"cond-expr","locations":[{"start":{"line":1,"column":68},"end":{"line":1,"column":86}},{"start":{"line":1,"column":87},"end":{"line":1,"column":206}}],"line":1},"1":{"loc":{"start":{"line":1,"column":15},"end":{"line":1,"column":67}},"type":"binary-expr","locations":[{"start":{"line":1,"column":15},"end":{"line":1,"column":39}},{"start":{"line":1,"column":41},"end":{"line":1,"column":67}}],"line":1},"2":{"loc":{"start":{"line":1,"column":87},"end":{"line":1,"column":206}},"type":"cond-expr","locations":[{"start":{"line":1,"column":125},"end":{"line":1,"column":134}},{"start":{"line":1,"column":135},"end":{"line":1,"column":206}}],"line":1},"3":{"loc":{"start":{"line":1,"column":87},"end":{"line":1,"column":124}},"type":"binary-expr","locations":[{"start":{"line":1,"column":87},"end":{"line":1,"column":112}},{"start":{"line":1,"column":114},"end":{"line":1,"column":124}}],"line":1},"4":{"loc":{"start":{"line":1,"column":138},"end":{"line":1,"column":187}},"type":"cond-expr","locations":[{"start":{"line":1,"column":169},"end":{"line":1,"column":179}},{"start":{"line":1,"column":180},"end":{"line":1,"column":187}}],"line":1},"5":{"loc":{"start":{"line":1,"column":180},"end":{"line":1,"column":187}},"type":"binary-expr","locations":[{"start":{"line":1,"column":180},"end":{"line":1,"column":181}},{"start":{"line":1,"column":183},"end":{"line":1,"column":187}}],"line":1},"6":{"loc":{"start":{"line":1,"column":257},"end":{"line":1,"column":284}},"type":"if","locations":[{"start":{"line":1,"column":257},"end":{"line":1,"column":284}},{"start":{},"end":{}}],"line":1},"7":{"loc":{"start":{"line":1,"column":260},"end":{"line":1,"column":269}},"type":"binary-expr","locations":[{"start":{"line":1,"column":260},"end":{"line":1,"column":263}},{"start":{"line":1,"column":265},"end":{"line":1,"column":269}}],"line":1},"8":{"loc":{"start":{"line":1,"column":284},"end":{"line":1,"column":382}},"type":"switch","locations":[{"start":{"line":1,"column":297},"end":{"line":1,"column":318}},{"start":{"line":1,"column":318},"end":{"line":1,"column":339}},{"start":{"line":1,"column":339},"end":{"line":1,"column":360}},{"start":{"line":1,"column":360},"end":{"line":1,"column":381}}],"line":1}},"s":{"0":1,"1":1,"2":1,"3":8,"4":2,"5":6,"6":2,"7":2,"8":2,"9":0},"f":{"0":1,"1":1,"2":8},"b":{"0":[1,0],"1":[1,1],"2":[0,0],"3":[0,0],"4":[0,0],"5":[0,0],"6":[2,6],"7":[8,5],"8":[2,2,2,0]},"_coverageSchema":"1a1c01bbd47fc00a2c39e90264f33305004495a9","hash":"fbc719fcd8e38027ff2ab2e98c1c5af8877e4b86"}
}
